<?xml version="1.0" encoding="UTF-8"?>
<testng-results ignored="0" total="1" passed="1" failed="0" skipped="0">
  <reporter-output>
  </reporter-output>
  <suite started-at="2024-09-01T00:41:20 IST" name="Surefire suite" finished-at="2024-09-01T00:41:30 IST" duration-ms="9199">
    <groups>
      <group name="cucumber">
        <method signature="AbstractTestNGCucumberTests.runScenario(io.cucumber.testng.PickleWrapper,io.cucumber.testng.FeatureWrapper)[pri:0, instance:file_Runner.runnerFile@1198b989]" name="runScenario" class="io.cucumber.testng.AbstractTestNGCucumberTests"/>
      </group> <!-- cucumber -->
    </groups>
    <test started-at="2024-09-01T00:41:20 IST" name="Surefire test" finished-at="2024-09-01T00:41:30 IST" duration-ms="9199">
      <class name="file_Runner.runnerFile">
        <test-method is-config="true" signature="setUpClass(org.testng.ITestContext)[pri:0, instance:file_Runner.runnerFile@1198b989]" started-at="2024-09-01T00:41:20 IST" name="setUpClass" finished-at="2024-09-01T00:41:21 IST" duration-ms="532" status="PASS">
          <params>
            <param index="0">
              <value>
                <![CDATA[org.testng.TestRunner@258ee7de]]>
              </value>
            </param>
          </params>
          <reporter-output>
          </reporter-output>
        </test-method> <!-- setUpClass -->
        <test-method signature="runScenario(io.cucumber.testng.PickleWrapper,io.cucumber.testng.FeatureWrapper)[pri:0, instance:file_Runner.runnerFile@1198b989]" started-at="2024-09-01T00:41:21 IST" name="runScenario" description="Runs Cucumber Scenarios" data-provider="scenarios" finished-at="2024-09-01T00:41:30 IST" duration-ms="8604" status="PASS">
          <params>
            <param index="0">
              <value>
                <![CDATA["Automate Tablets & Computers"]]>
              </value>
            </param>
            <param index="1">
              <value>
                <![CDATA["Automate Details of Naptop website"]]>
              </value>
            </param>
          </params>
          <reporter-output>
          </reporter-output>
        </test-method> <!-- runScenario -->
        <test-method is-config="true" signature="tearDownClass()[pri:0, instance:file_Runner.runnerFile@1198b989]" started-at="2024-09-01T00:41:30 IST" name="tearDownClass" finished-at="2024-09-01T00:41:30 IST" duration-ms="28" status="PASS">
          <reporter-output>
          </reporter-output>
        </test-method> <!-- tearDownClass -->
      </class> <!-- file_Runner.runnerFile -->
    </test> <!-- Surefire test -->
  </suite> <!-- Surefire suite -->
</testng-results>
