<?xml version="1.0" encoding="UTF-8"?>
<testsuite xmlns:xsi="http://www.w3.org/2001/XMLSchema-instance" xsi:noNamespaceSchemaLocation="https://maven.apache.org/surefire/maven-surefire-plugin/xsd/surefire-test-report.xsd" version="3.0.2" name="file_Runner.runnerFile" time="9.623" tests="1" errors="0" skipped="0" failures="0">
  <properties>
[...]
</properties>
  <testcase name="runScenario[&quot;Automate Tablets &amp; Computers&quot;, &quot;Automate Details of Naptop website&quot;](1)" classname="file_Runner.runnerFile" time="8.607">
    <system-out><![CDATA[
Scenario: Automate Tablets & Computers &amp#27;[90m# src/test/resources/Features/featureFile.feature:3&amp#27;[0m
  &amp#27;[32mGiven &amp#27;[0m&amp#27;[32mUser is on Naptop Home Page&amp#27;[0m    &amp#27;[90m# code_Steps.stepsFile.user_is_on_naptop_home_page()&amp#27;[0m
  &amp#27;[32mWhen &amp#27;[0m&amp#27;[32mClick on shopping categories&amp#27;[0m    &amp#27;[90m# code_Steps.stepsFile.click_on_shopping_categories()&amp#27;[0m
  &amp#27;[32mAnd &amp#27;[0m&amp#27;[32mClick on the Tablets & Computers&amp#27;[0m &amp#27;[90m# code_Steps.stepsFile.click_on_the_tablets_computers()&amp#27;[0m
  &amp#27;[32mThen &amp#27;[0m&amp#27;[32mClick Tablets&amp#27;[0m                   &amp#27;[90m# code_Steps.stepsFile.click_tablets()&amp#27;[0m
  &amp#27;[32mAnd &amp#27;[0m&amp#27;[32mClick Non-Calling Tablets&amp#27;[0m        &amp#27;[90m# code_Steps.stepsFile.click_non_calling_tablets()&amp#27;[0m
  &amp#27;[32mThen &amp#27;[0m&amp#27;[32mCheck COD Box&amp#27;[0m                   &amp#27;[90m# code_Steps.stepsFile.check_cod_box()&amp#27;[0m
  &amp#27;[32mAnd &amp#27;[0m&amp#27;[32mClick on Set&amp#27;[0m                     &amp#27;[90m# code_Steps.stepsFile.click_on_set()&amp#27;[0m
  &amp#27;[32mThen &amp#27;[0m&amp#27;[32mClose the Browser&amp#27;[0m               &amp#27;[90m# code_Steps.stepsFile.close_the_browser()&amp#27;[0m
]]></system-out>
    <system-err><![CDATA[SLF4J: Failed to load class "org.slf4j.impl.StaticLoggerBinder".
SLF4J: Defaulting to no-operation (NOP) logger implementation
SLF4J: See http://www.slf4j.org/codes.html#StaticLoggerBinder for further details.
Sept 01, 2024 12:41:23 AM org.openqa.selenium.devtools.CdpVersionFinder findNearestMatch
WARNING: Unable to find an exact match for CDP version 128, returning the closest version; found: 127; Please update to a Selenium version that supports CDP version 128
]]></system-err>
  </testcase>
</testsuite>