<?xml version="1.0" encoding="UTF-8"?>
<testng-results ignored="0" total="9" passed="9" failed="0" skipped="0">
  <reporter-output>
  </reporter-output>
  <suite started-at="2024-09-02T12:58:31 IST" name="Default suite" finished-at="2024-09-02T12:59:52 IST" duration-ms="81221">
    <groups>
      <group name="cucumber">
        <method signature="AbstractTestNGCucumberTests.runScenario(io.cucumber.testng.PickleWrapper,io.cucumber.testng.FeatureWrapper)[pri:0, instance:file_Runner.runnerFile@6b81ce95]" name="runScenario" class="io.cucumber.testng.AbstractTestNGCucumberTests"/>
      </group> <!-- cucumber -->
    </groups>
    <test started-at="2024-09-02T12:58:31 IST" name="Default test" finished-at="2024-09-02T12:59:52 IST" duration-ms="81221">
      <class name="file_Runner.runnerFile">
        <test-method is-config="true" signature="setUpClass(org.testng.ITestContext)[pri:0, instance:file_Runner.runnerFile@6b81ce95]" started-at="2024-09-02T12:58:31 IST" name="setUpClass" finished-at="2024-09-02T12:58:31 IST" duration-ms="298" status="PASS">
          <params>
            <param index="0">
              <value>
                <![CDATA[org.testng.TestRunner@7bcecef6]]>
              </value>
            </param>
          </params>
          <reporter-output>
          </reporter-output>
        </test-method> <!-- setUpClass -->
        <test-method signature="runScenario(io.cucumber.testng.PickleWrapper,io.cucumber.testng.FeatureWrapper)[pri:0, instance:file_Runner.runnerFile@6b81ce95]" started-at="2024-09-02T12:58:31 IST" name="runScenario" description="Runs Cucumber Scenarios" data-provider="scenarios" finished-at="2024-09-02T12:58:39 IST" duration-ms="7969" status="PASS">
          <params>
            <param index="0">
              <value>
                <![CDATA["Automate Tablets & Computers"]]>
              </value>
            </param>
            <param index="1">
              <value>
                <![CDATA["Automate Details of Naptop website"]]>
              </value>
            </param>
          </params>
          <reporter-output>
          </reporter-output>
        </test-method> <!-- runScenario -->
        <test-method signature="runScenario(io.cucumber.testng.PickleWrapper,io.cucumber.testng.FeatureWrapper)[pri:0, instance:file_Runner.runnerFile@6b81ce95]" started-at="2024-09-02T12:58:39 IST" name="runScenario" description="Runs Cucumber Scenarios" data-provider="scenarios" finished-at="2024-09-02T12:58:47 IST" duration-ms="8508" status="PASS">
          <params>
            <param index="0">
              <value>
                <![CDATA["Automate Tablets & Computers"]]>
              </value>
            </param>
            <param index="1">
              <value>
                <![CDATA["Automate Details of Naptop website"]]>
              </value>
            </param>
          </params>
          <reporter-output>
          </reporter-output>
        </test-method> <!-- runScenario -->
        <test-method signature="runScenario(io.cucumber.testng.PickleWrapper,io.cucumber.testng.FeatureWrapper)[pri:0, instance:file_Runner.runnerFile@6b81ce95]" started-at="2024-09-02T12:58:47 IST" name="runScenario" description="Runs Cucumber Scenarios" data-provider="scenarios" finished-at="2024-09-02T12:58:56 IST" duration-ms="8550" status="PASS">
          <params>
            <param index="0">
              <value>
                <![CDATA["Automate Tablets & Computers"]]>
              </value>
            </param>
            <param index="1">
              <value>
                <![CDATA["Automate Details of Naptop website"]]>
              </value>
            </param>
          </params>
          <reporter-output>
          </reporter-output>
        </test-method> <!-- runScenario -->
        <test-method signature="runScenario(io.cucumber.testng.PickleWrapper,io.cucumber.testng.FeatureWrapper)[pri:0, instance:file_Runner.runnerFile@6b81ce95]" started-at="2024-09-02T12:58:56 IST" name="runScenario" description="Runs Cucumber Scenarios" data-provider="scenarios" finished-at="2024-09-02T12:59:05 IST" duration-ms="8745" status="PASS">
          <params>
            <param index="0">
              <value>
                <![CDATA["Automate Tablets & Computers"]]>
              </value>
            </param>
            <param index="1">
              <value>
                <![CDATA["Automate Details of Naptop website"]]>
              </value>
            </param>
          </params>
          <reporter-output>
          </reporter-output>
        </test-method> <!-- runScenario -->
        <test-method signature="runScenario(io.cucumber.testng.PickleWrapper,io.cucumber.testng.FeatureWrapper)[pri:0, instance:file_Runner.runnerFile@6b81ce95]" started-at="2024-09-02T12:59:05 IST" name="runScenario" description="Runs Cucumber Scenarios" data-provider="scenarios" finished-at="2024-09-02T12:59:12 IST" duration-ms="7554" status="PASS">
          <params>
            <param index="0">
              <value>
                <![CDATA["Automate Tablets & Computers"]]>
              </value>
            </param>
            <param index="1">
              <value>
                <![CDATA["Automate Details of Naptop website"]]>
              </value>
            </param>
          </params>
          <reporter-output>
          </reporter-output>
        </test-method> <!-- runScenario -->
        <test-method signature="runScenario(io.cucumber.testng.PickleWrapper,io.cucumber.testng.FeatureWrapper)[pri:0, instance:file_Runner.runnerFile@6b81ce95]" started-at="2024-09-02T12:59:12 IST" name="runScenario" description="Runs Cucumber Scenarios" data-provider="scenarios" finished-at="2024-09-02T12:59:20 IST" duration-ms="7527" status="PASS">
          <params>
            <param index="0">
              <value>
                <![CDATA["Automate Tablets & Computers"]]>
              </value>
            </param>
            <param index="1">
              <value>
                <![CDATA["Automate Details of Naptop website"]]>
              </value>
            </param>
          </params>
          <reporter-output>
          </reporter-output>
        </test-method> <!-- runScenario -->
        <test-method signature="runScenario(io.cucumber.testng.PickleWrapper,io.cucumber.testng.FeatureWrapper)[pri:0, instance:file_Runner.runnerFile@6b81ce95]" started-at="2024-09-02T12:59:20 IST" name="runScenario" description="Runs Cucumber Scenarios" data-provider="scenarios" finished-at="2024-09-02T12:59:31 IST" duration-ms="11606" status="PASS">
          <params>
            <param index="0">
              <value>
                <![CDATA["Automate Tablets & Computers"]]>
              </value>
            </param>
            <param index="1">
              <value>
                <![CDATA["Automate Details of Naptop website"]]>
              </value>
            </param>
          </params>
          <reporter-output>
          </reporter-output>
        </test-method> <!-- runScenario -->
        <test-method signature="runScenario(io.cucumber.testng.PickleWrapper,io.cucumber.testng.FeatureWrapper)[pri:0, instance:file_Runner.runnerFile@6b81ce95]" started-at="2024-09-02T12:59:31 IST" name="runScenario" description="Runs Cucumber Scenarios" data-provider="scenarios" finished-at="2024-09-02T12:59:42 IST" duration-ms="10692" status="PASS">
          <params>
            <param index="0">
              <value>
                <![CDATA["Automate Tablets & Computers"]]>
              </value>
            </param>
            <param index="1">
              <value>
                <![CDATA["Automate Details of Naptop website"]]>
              </value>
            </param>
          </params>
          <reporter-output>
          </reporter-output>
        </test-method> <!-- runScenario -->
        <test-method signature="runScenario(io.cucumber.testng.PickleWrapper,io.cucumber.testng.FeatureWrapper)[pri:0, instance:file_Runner.runnerFile@6b81ce95]" started-at="2024-09-02T12:59:42 IST" name="runScenario" description="Runs Cucumber Scenarios" data-provider="scenarios" finished-at="2024-09-02T12:59:52 IST" duration-ms="9728" status="PASS">
          <params>
            <param index="0">
              <value>
                <![CDATA["Automate Tablets & Computers"]]>
              </value>
            </param>
            <param index="1">
              <value>
                <![CDATA["Automate Details of Naptop website"]]>
              </value>
            </param>
          </params>
          <reporter-output>
          </reporter-output>
        </test-method> <!-- runScenario -->
        <test-method is-config="true" signature="tearDownClass()[pri:0, instance:file_Runner.runnerFile@6b81ce95]" started-at="2024-09-02T12:59:52 IST" name="tearDownClass" finished-at="2024-09-02T12:59:52 IST" duration-ms="12" status="PASS">
          <reporter-output>
          </reporter-output>
        </test-method> <!-- tearDownClass -->
      </class> <!-- file_Runner.runnerFile -->
    </test> <!-- Default test -->
  </suite> <!-- Default suite -->
</testng-results>
